[19:35:07] [main/INFO]: Setting user: Player484
[19:35:08] [Client thread/INFO]: LWJGL Version: 2.9.1
[19:35:12] [Client thread/INFO]: Reloading ResourceManager: Default, FMLFileResourcePack:Forge Mod Loader, FMLFileResourcePack:Minecraft Forge, FMLFileResourcePack:Not Enough Items, FMLFileResourcePack:Temporal Relativity
[19:35:13] [Sound Library Loader/INFO]: Sound engine started
[19:35:13] [Client thread/INFO]: Created: 512x256 textures/blocks-atlas
[19:35:13] [Client thread/INFO]: Created: 256x256 textures/items-atlas
[19:35:13] [Client thread/INFO]: Reloading ResourceManager: Default, FMLFileResourcePack:Forge Mod Loader, FMLFileResourcePack:Minecraft Forge, FMLFileResourcePack:Not Enough Items, FMLFileResourcePack:Temporal Relativity
[19:35:14] [Client thread/INFO]: Created: 512x256 textures/blocks-atlas
[19:35:14] [Client thread/INFO]: Created: 256x256 textures/items-atlas
[19:35:14] [Sound Library Loader/INFO]: Sound engine started
[19:35:49] [Server thread/INFO]: Starting integrated minecraft server version 1.7.10
[19:35:49] [Server thread/INFO]: Generating keypair
[19:35:49] [Server thread/INFO]: Preparing start region for level 0
[19:35:49] [Server thread/INFO]: Changing view distance to 12, from 10
[19:35:50] [Server thread/INFO]: Player484[local:E:d1e8f03c] logged in with entity id 1 at (-96.13116852126223, 4.0, 21.095428964849635)
[19:35:50] [Server thread/INFO]: Player484 joined the game
[19:36:02] [Server thread/INFO]: Player484 has just earned the achievement [Taking Inventory]
[19:36:02] [Client thread/INFO]: [CHAT] Player484 has just earned the achievement [Taking Inventory]
[19:36:03] [Client thread/INFO]: Stopping!
[19:36:03] [Server thread/INFO]: Stopping server
[19:36:03] [Server thread/INFO]: Saving players
[19:36:03] [Server thread/INFO]: Saving worlds
[19:36:03] [Server thread/INFO]: Saving chunks for level 'Flat Test World'/Overworld
[19:36:03] [Server thread/INFO]: Saving chunks for level 'Flat Test World'/Nether
[19:36:03] [Server thread/INFO]: Saving chunks for level 'Flat Test World'/The End
